XMLRPC_parse: Received the following raw request:
<?xml version="1.0" encoding="utf-8"?>
<methodCall>
<methodName>eshop.calculateOrder</methodName>
<params>
<param>
<value><string>100</string></value>
</param>
<param>
<value><string>2</string></value>
</param>
</params>
</methodCall>

XMLRPC_parse: Returning the following parsed request:
Array
(
    [methodCall] => Array
        (
            [methodName] => eshop.calculateOrder
            [params] => Array
                (
                    [param] => Array
                        (
                            [0] => Array
                                (
                                    [value] => Array
                                        (
                                            [string] => 100
                                        )

                                )

                            [1] => Array
                                (
                                    [value] => Array
                                        (
                                            [string] => 2
                                        )

                                )

                        )

                )

        )

)


XMLRPC_response: Received the following data to return:

Array
(
    [struct] => Array
        (
            [member] => Array
                (
                    [0] => Array
                        (
                            [name] => Стоимость заказа
                            [value] => Array
                                (
                                    [double] => 100
                                )

                        )

                    [1] => Array
                        (
                            [name] => Доставка почтой
                            [value] => Array
                                (
                                    [double] => 160
                                )

                        )

                    [2] => Array
                        (
                            [name] => НДС
                            [value] => Array
                                (
                                    [double] => 18
                                )

                        )

                    [3] => Array
                        (
                            [name] => Налог с продаж
                            [value] => Array
                                (
                                    [double] => 5
                                )

                        )

                    [4] => Array
                        (
                            [name] => Обработка заказа
                            [value] => Array
                                (
                                    [double] => 10
                                )

                        )

                )

        )

)


XMLRPC_response: Sent the following response:

<?xml version="1.0" ?>
<methodResponse>
	<params>
		<param>
			<value>
				<struct>
					<member>
						<name>Стоимость заказа</name>
						<value>
							<double>100</double>
						</value>
					</member>
					<member>
						<name>Доставка почтой</name>
						<value>
							<double>160</double>
						</value>
					</member>
					<member>
						<name>НДС</name>
						<value>
							<double>18</double>
						</value>
					</member>
					<member>
						<name>Налог с продаж</name>
						<value>
							<double>5</double>
						</value>
					</member>
					<member>
						<name>Обработка заказа</name>
						<value>
							<double>10</double>
						</value>
					</member>
				</struct>
			</value>
		</param>
	</params>
</methodResponse>



